# JRE version: Java(TM) SE Runtime Environment (8.0_20-b26) (build 1.8.0_20-b26)
# Java VM: Java HotSpot(TM) 64-Bit Server VM (25.20-b23 mixed mode windows-amd64 compressed oops)
Heap:
 PSYoungGen      total 232960K, used 126251K [0x00000000eab00000, 0x0000000100000000, 0x0000000100000000)
  eden space 116736K, 41% used [0x00000000eab00000,0x00000000eda02e38,0x00000000f1d00000)
  from space 116224K, 67% used [0x00000000f1d00000,0x00000000f6948188,0x00000000f8e80000)
  to   space 116224K, 0% used [0x00000000f8e80000,0x00000000f8e80000,0x0000000100000000)
 ParOldGen       total 288256K, used 227352K [0x00000000c0000000, 0x00000000d1980000, 0x00000000eab00000)
  object space 288256K, 78% used [0x00000000c0000000,0x00000000cde062c0,0x00000000d1980000)
 Metaspace       used 6149K, capacity 7344K, committed 7552K, reserved 1056768K
  class space    used 582K, capacity 616K, committed 640K, reserved 1048576K
GC Heap History (10 events):
Event: 34.492 GC heap before
{Heap before GC invocations=28 (full 5):
 PSYoungGen      total 229888K, used 156743K [0x00000000eab00000, 0x00000000ffa00000, 0x0000000100000000)
  eden space 123904K, 100% used [0x00000000eab00000,0x00000000f2400000,0x00000000f2400000)
  from space 105984K, 30% used [0x00000000f9280000,0x00000000fb291c10,0x00000000ffa00000)
  to   space 109568K, 0% used [0x00000000f2400000,0x00000000f2400000,0x00000000f8f00000)
 ParOldGen       total 288256K, used 211895K [0x00000000c0000000, 0x00000000d1980000, 0x00000000eab00000)
  object space 288256K, 73% used [0x00000000c0000000,0x00000000cceedfd8,0x00000000d1980000)
 Metaspace       used 5628K, capacity 6896K, committed 7040K, reserved 1056768K
  class space    used 556K, capacity 616K, committed 640K, reserved 1048576K
Event: 34.685 GC heap after
Heap after GC invocations=28 (full 5):
 PSYoungGen      total 233472K, used 53047K [0x00000000eab00000, 0x00000000ffa80000, 0x0000000100000000)
  eden space 123904K, 0% used [0x00000000eab00000,0x00000000eab00000,0x00000000f2400000)
  from space 109568K, 48% used [0x00000000f2400000,0x00000000f57cdff0,0x00000000f8f00000)
  to   space 104960K, 0% used [0x00000000f9400000,0x00000000f9400000,0x00000000ffa80000)
 ParOldGen       total 288256K, used 211903K [0x00000000c0000000, 0x00000000d1980000, 0x00000000eab00000)
  object space 288256K, 73% used [0x00000000c0000000,0x00000000cceeffd8,0x00000000d1980000)
 Metaspace       used 5628K, capacity 6896K, committed 7040K, reserved 1056768K
  class space    used 556K, capacity 616K, committed 640K, reserved 1048576K
}
Event: 35.162 GC heap before
{Heap before GC invocations=29 (full 5):
 PSYoungGen      total 233472K, used 176951K [0x00000000eab00000, 0x00000000ffa80000, 0x0000000100000000)
  eden space 123904K, 100% used [0x00000000eab00000,0x00000000f2400000,0x00000000f2400000)
  from space 109568K, 48% used [0x00000000f2400000,0x00000000f57cdff0,0x00000000f8f00000)
  to   space 104960K, 0% used [0x00000000f9400000,0x00000000f9400000,0x00000000ffa80000)
 ParOldGen       total 288256K, used 211903K [0x00000000c0000000, 0x00000000d1980000, 0x00000000eab00000)
  object space 288256K, 73% used [0x00000000c0000000,0x00000000cceeffd8,0x00000000d1980000)
 Metaspace       used 5628K, capacity 6896K, committed 7040K, reserved 1056768K
  class space    used 556K, capacity 616K, committed 640K, reserved 1048576K
Event: 35.326 GC heap after
Heap after GC invocations=29 (full 5):
 PSYoungGen      total 236544K, used 71568K [0x00000000eab00000, 0x00000000fff80000, 0x0000000100000000)
  eden space 131584K, 0% used [0x00000000eab00000,0x00000000eab00000,0x00000000f2b80000)
  from space 104960K, 68% used [0x00000000f9400000,0x00000000fd9e4330,0x00000000ffa80000)
  to   space 107008K, 0% used [0x00000000f2b80000,0x00000000f2b80000,0x00000000f9400000)
 ParOldGen       total 288256K, used 211903K [0x00000000c0000000, 0x00000000d1980000, 0x00000000eab00000)
  object space 288256K, 73% used [0x00000000c0000000,0x00000000cceeffd8,0x00000000d1980000)
 Metaspace       used 5628K, capacity 6896K, committed 7040K, reserved 1056768K
  class space    used 556K, capacity 616K, committed 640K, reserved 1048576K
}
Event: 35.837 GC heap before
{Heap before GC invocations=30 (full 5):
 PSYoungGen      total 236544K, used 203152K [0x00000000eab00000, 0x00000000fff80000, 0x0000000100000000)
  eden space 131584K, 100% used [0x00000000eab00000,0x00000000f2b80000,0x00000000f2b80000)
  from space 104960K, 68% used [0x00000000f9400000,0x00000000fd9e4330,0x00000000ffa80000)
  to   space 107008K, 0% used [0x00000000f2b80000,0x00000000f2b80000,0x00000000f9400000)
 ParOldGen       total 288256K, used 211903K [0x00000000c0000000, 0x00000000d1980000, 0x00000000eab00000)
  object space 288256K, 73% used [0x00000000c0000000,0x00000000cceeffd8,0x00000000d1980000)
 Metaspace       used 5634K, capacity 6896K, committed 7040K, reserved 1056768K
  class space    used 557K, capacity 616K, committed 640K, reserved 1048576K
Event: 36.009 GC heap after
Heap after GC invocations=30 (full 5):
 PSYoungGen      total 223232K, used 91240K [0x00000000eab00000, 0x0000000100000000, 0x0000000100000000)
  eden space 131584K, 0% used [0x00000000eab00000,0x00000000eab00000,0x00000000f2b80000)
  from space 91648K, 99% used [0x00000000f2b80000,0x00000000f849a0c0,0x00000000f8500000)
  to   space 115712K, 0% used [0x00000000f8f00000,0x00000000f8f00000,0x0000000100000000)
 ParOldGen       total 288256K, used 211903K [0x00000000c0000000, 0x00000000d1980000, 0x00000000eab00000)
  object space 288256K, 73% used [0x00000000c0000000,0x00000000cceeffd8,0x00000000d1980000)
 Metaspace       used 5634K, capacity 6896K, committed 7040K, reserved 1056768K
  class space    used 557K, capacity 616K, committed 640K, reserved 1048576K
}
Event: 36.419 GC heap before
{Heap before GC invocations=31 (full 5):
 PSYoungGen      total 223232K, used 222824K [0x00000000eab00000, 0x0000000100000000, 0x0000000100000000)
  eden space 131584K, 100% used [0x00000000eab00000,0x00000000f2b80000,0x00000000f2b80000)
  from space 91648K, 99% used [0x00000000f2b80000,0x00000000f849a0c0,0x00000000f8500000)
  to   space 115712K, 0% used [0x00000000f8f00000,0x00000000f8f00000,0x0000000100000000)
 ParOldGen       total 288256K, used 211903K [0x00000000c0000000, 0x00000000d1980000, 0x00000000eab00000)
  object space 288256K, 73% used [0x00000000c0000000,0x00000000cceeffd8,0x00000000d1980000)
 Metaspace       used 5644K, capacity 6960K, committed 7040K, reserved 1056768K
  class space    used 557K, capacity 616K, committed 640K, reserved 1048576K
Event: 36.627 GC heap after
Heap after GC invocations=31 (full 5):
 PSYoungGen      total 232448K, used 110974K [0x00000000eab00000, 0x0000000100000000, 0x0000000100000000)
  eden space 116736K, 0% used [0x00000000eab00000,0x00000000eab00000,0x00000000f1d00000)
  from space 115712K, 95% used [0x00000000f8f00000,0x00000000ffb5f8c8,0x0000000100000000)
  to   space 116224K, 0% used [0x00000000f1d00000,0x00000000f1d00000,0x00000000f8e80000)
 ParOldGen       total 288256K, used 211903K [0x00000000c0000000, 0x00000000d1980000, 0x00000000eab00000)
  object space 288256K, 73% used [0x00000000c0000000,0x00000000cceeffd8,0x00000000d1980000)
 Metaspace       used 5644K, capacity 6960K, committed 7040K, reserved 1056768K
  class space    used 557K, capacity 616K, committed 640K, reserved 1048576K
}
Event: 37.910 GC heap before
{Heap before GC invocations=32 (full 5):
 PSYoungGen      total 232448K, used 227710K [0x00000000eab00000, 0x0000000100000000, 0x0000000100000000)
  eden space 116736K, 100% used [0x00000000eab00000,0x00000000f1d00000,0x00000000f1d00000)
  from space 115712K, 95% used [0x00000000f8f00000,0x00000000ffb5f8c8,0x0000000100000000)
  to   space 116224K, 0% used [0x00000000f1d00000,0x00000000f1d00000,0x00000000f8e80000)
 ParOldGen       total 288256K, used 211903K [0x00000000c0000000, 0x00000000d1980000, 0x00000000eab00000)
  object space 288256K, 73% used [0x00000000c0000000,0x00000000cceeffd8,0x00000000d1980000)
 Metaspace       used 5997K, capacity 7216K, committed 7296K, reserved 1056768K
  class space    used 578K, capacity 616K, committed 640K, reserved 1048576K
Event: 38.123 GC heap after
Heap after GC invocations=32 (full 5):
 PSYoungGen      total 232960K, used 78112K [0x00000000eab00000, 0x0000000100000000, 0x0000000100000000)
  eden space 116736K, 0% used [0x00000000eab00000,0x00000000eab00000,0x00000000f1d00000)
  from space 116224K, 67% used [0x00000000f1d00000,0x00000000f6948188,0x00000000f8e80000)
  to   space 116224K, 0% used [0x00000000f8e80000,0x00000000f8e80000,0x0000000100000000)
 ParOldGen       total 288256K, used 227352K [0x00000000c0000000, 0x00000000d1980000, 0x00000000eab00000)
  object space 288256K, 78% used [0x00000000c0000000,0x00000000cde062c0,0x00000000d1980000)
 Metaspace       used 5997K, capacity 7216K, committed 7296K, reserved 1056768K
  class space    used 578K, capacity 616K, committed 640K, reserved 1048576K
}

