# JRE version: Java(TM) SE Runtime Environment (8.0_20-b26) (build 1.8.0_20-b26)
# Java VM: Java HotSpot(TM) 64-Bit Server VM (25.20-b23 mixed mode windows-amd64 compressed oops)
Heap:
 PSYoungGen      total 131072K, used 60003K [0x00000000eab00000, 0x00000000f5b80000, 0x0000000100000000)
  eden space 113152K, 37% used [0x00000000eab00000,0x00000000ed467008,0x00000000f1980000)
  from space 17920K, 98% used [0x00000000f4a00000,0x00000000f5b31e58,0x00000000f5b80000)
  to   space 31744K, 0% used [0x00000000f1d80000,0x00000000f1d80000,0x00000000f3c80000)
 ParOldGen       total 70144K, used 19251K [0x00000000c0000000, 0x00000000c4480000, 0x00000000eab00000)
  object space 70144K, 27% used [0x00000000c0000000,0x00000000c12ccfd8,0x00000000c4480000)
 Metaspace       used 6841K, capacity 7416K, committed 7680K, reserved 1056768K
  class space    used 742K, capacity 752K, committed 768K, reserved 1048576K
GC Heap History (10 events):
Event: 1.519 GC heap before
{Heap before GC invocations=3 (full 0):
 PSYoungGen      total 35328K, used 34912K [0x00000000eab00000, 0x00000000ed000000, 0x0000000100000000)
  eden space 32768K, 100% used [0x00000000eab00000,0x00000000ecb00000,0x00000000ecb00000)
  from space 2560K, 83% used [0x00000000ecd80000,0x00000000ecf98170,0x00000000ed000000)
  to   space 2560K, 0% used [0x00000000ecb00000,0x00000000ecb00000,0x00000000ecd80000)
 ParOldGen       total 44032K, used 5435K [0x00000000c0000000, 0x00000000c2b00000, 0x00000000eab00000)
  object space 44032K, 12% used [0x00000000c0000000,0x00000000c054ec60,0x00000000c2b00000)
 Metaspace       used 6794K, capacity 7416K, committed 7680K, reserved 1056768K
  class space    used 741K, capacity 752K, committed 768K, reserved 1048576K
Event: 1.545 GC heap after
Heap after GC invocations=3 (full 0):
 PSYoungGen      total 35328K, used 2540K [0x00000000eab00000, 0x00000000ef000000, 0x0000000100000000)
  eden space 32768K, 0% used [0x00000000eab00000,0x00000000eab00000,0x00000000ecb00000)
  from space 2560K, 99% used [0x00000000ecb00000,0x00000000ecd7b308,0x00000000ecd80000)
  to   space 2560K, 0% used [0x00000000eed80000,0x00000000eed80000,0x00000000ef000000)
 ParOldGen       total 44032K, used 17945K [0x00000000c0000000, 0x00000000c2b00000, 0x00000000eab00000)
  object space 44032K, 40% used [0x00000000c0000000,0x00000000c1186590,0x00000000c2b00000)
 Metaspace       used 6794K, capacity 7416K, committed 7680K, reserved 1056768K
  class space    used 741K, capacity 752K, committed 768K, reserved 1048576K
}
Event: 1.725 GC heap before
{Heap before GC invocations=4 (full 0):
 PSYoungGen      total 35328K, used 35308K [0x00000000eab00000, 0x00000000ef000000, 0x0000000100000000)
  eden space 32768K, 100% used [0x00000000eab00000,0x00000000ecb00000,0x00000000ecb00000)
  from space 2560K, 99% used [0x00000000ecb00000,0x00000000ecd7b308,0x00000000ecd80000)
  to   space 2560K, 0% used [0x00000000eed80000,0x00000000eed80000,0x00000000ef000000)
 ParOldGen       total 44032K, used 17945K [0x00000000c0000000, 0x00000000c2b00000, 0x00000000eab00000)
  object space 44032K, 40% used [0x00000000c0000000,0x00000000c1186590,0x00000000c2b00000)
 Metaspace       used 6821K, capacity 7416K, committed 7680K, reserved 1056768K
  class space    used 741K, capacity 752K, committed 768K, reserved 1048576K
Event: 1.751 GC heap after
Heap after GC invocations=4 (full 0):
 PSYoungGen      total 68096K, used 2541K [0x00000000eab00000, 0x00000000ef000000, 0x0000000100000000)
  eden space 65536K, 0% used [0x00000000eab00000,0x00000000eab00000,0x00000000eeb00000)
  from space 2560K, 99% used [0x00000000eed80000,0x00000000eeffb6c0,0x00000000ef000000)
  to   space 2560K, 0% used [0x00000000eeb00000,0x00000000eeb00000,0x00000000eed80000)
 ParOldGen       total 44032K, used 19373K [0x00000000c0000000, 0x00000000c2b00000, 0x00000000eab00000)
  object space 44032K, 43% used [0x00000000c0000000,0x00000000c12eb678,0x00000000c2b00000)
 Metaspace       used 6821K, capacity 7416K, committed 7680K, reserved 1056768K
  class space    used 741K, capacity 752K, committed 768K, reserved 1048576K
}
Event: 2.084 GC heap before
{Heap before GC invocations=5 (full 0):
 PSYoungGen      total 68096K, used 68077K [0x00000000eab00000, 0x00000000ef000000, 0x0000000100000000)
  eden space 65536K, 100% used [0x00000000eab00000,0x00000000eeb00000,0x00000000eeb00000)
  from space 2560K, 99% used [0x00000000eed80000,0x00000000eeffb6c0,0x00000000ef000000)
  to   space 2560K, 0% used [0x00000000eeb00000,0x00000000eeb00000,0x00000000eed80000)
 ParOldGen       total 44032K, used 19373K [0x00000000c0000000, 0x00000000c2b00000, 0x00000000eab00000)
  object space 44032K, 43% used [0x00000000c0000000,0x00000000c12eb678,0x00000000c2b00000)
 Metaspace       used 6834K, capacity 7416K, committed 7680K, reserved 1056768K
  class space    used 742K, capacity 752K, committed 768K, reserved 1048576K
Event: 2.117 GC heap after
Heap after GC invocations=5 (full 0):
 PSYoungGen      total 68096K, used 2559K [0x00000000eab00000, 0x00000000f6900000, 0x0000000100000000)
  eden space 65536K, 0% used [0x00000000eab00000,0x00000000eab00000,0x00000000eeb00000)
  from space 2560K, 99% used [0x00000000eeb00000,0x00000000eed7feb0,0x00000000eed80000)
  to   space 31744K, 0% used [0x00000000f4a00000,0x00000000f4a00000,0x00000000f6900000)
 ParOldGen       total 50688K, used 50020K [0x00000000c0000000, 0x00000000c3180000, 0x00000000eab00000)
  object space 50688K, 98% used [0x00000000c0000000,0x00000000c30d9190,0x00000000c3180000)
 Metaspace       used 6834K, capacity 7416K, committed 7680K, reserved 1056768K
  class space    used 742K, capacity 752K, committed 768K, reserved 1048576K
}
Event: 2.117 GC heap before
{Heap before GC invocations=6 (full 1):
 PSYoungGen      total 68096K, used 2559K [0x00000000eab00000, 0x00000000f6900000, 0x0000000100000000)
  eden space 65536K, 0% used [0x00000000eab00000,0x00000000eab00000,0x00000000eeb00000)
  from space 2560K, 99% used [0x00000000eeb00000,0x00000000eed7feb0,0x00000000eed80000)
  to   space 31744K, 0% used [0x00000000f4a00000,0x00000000f4a00000,0x00000000f6900000)
 ParOldGen       total 50688K, used 50020K [0x00000000c0000000, 0x00000000c3180000, 0x00000000eab00000)
  object space 50688K, 98% used [0x00000000c0000000,0x00000000c30d9190,0x00000000c3180000)
 Metaspace       used 6834K, capacity 7416K, committed 7680K, reserved 1056768K
  class space    used 742K, capacity 752K, committed 768K, reserved 1048576K
Event: 2.170 GC heap after
Heap after GC invocations=6 (full 1):
 PSYoungGen      total 68096K, used 0K [0x00000000eab00000, 0x00000000f6900000, 0x0000000100000000)
  eden space 65536K, 0% used [0x00000000eab00000,0x00000000eab00000,0x00000000eeb00000)
  from space 2560K, 0% used [0x00000000eeb00000,0x00000000eeb00000,0x00000000eed80000)
  to   space 31744K, 0% used [0x00000000f4a00000,0x00000000f4a00000,0x00000000f6900000)
 ParOldGen       total 70144K, used 19251K [0x00000000c0000000, 0x00000000c4480000, 0x00000000eab00000)
  object space 70144K, 27% used [0x00000000c0000000,0x00000000c12ccfd8,0x00000000c4480000)
 Metaspace       used 6834K, capacity 7416K, committed 7680K, reserved 1056768K
  class space    used 742K, capacity 752K, committed 768K, reserved 1048576K
}
Event: 2.384 GC heap before
{Heap before GC invocations=7 (full 1):
 PSYoungGen      total 68096K, used 65536K [0x00000000eab00000, 0x00000000f6900000, 0x0000000100000000)
  eden space 65536K, 100% used [0x00000000eab00000,0x00000000eeb00000,0x00000000eeb00000)
  from space 2560K, 0% used [0x00000000eeb00000,0x00000000eeb00000,0x00000000eed80000)
  to   space 31744K, 0% used [0x00000000f4a00000,0x00000000f4a00000,0x00000000f6900000)
 ParOldGen       total 70144K, used 19251K [0x00000000c0000000, 0x00000000c4480000, 0x00000000eab00000)
  object space 70144K, 27% used [0x00000000c0000000,0x00000000c12ccfd8,0x00000000c4480000)
 Metaspace       used 6840K, capacity 7416K, committed 7680K, reserved 1056768K
  class space    used 742K, capacity 752K, committed 768K, reserved 1048576K
Event: 2.405 GC heap after
Heap after GC invocations=7 (full 1):
 PSYoungGen      total 131072K, used 17607K [0x00000000eab00000, 0x00000000f5b80000, 0x0000000100000000)
  eden space 113152K, 0% used [0x00000000eab00000,0x00000000eab00000,0x00000000f1980000)
  from space 17920K, 98% used [0x00000000f4a00000,0x00000000f5b31e58,0x00000000f5b80000)
  to   space 31744K, 0% used [0x00000000f1d80000,0x00000000f1d80000,0x00000000f3c80000)
 ParOldGen       total 70144K, used 19251K [0x00000000c0000000, 0x00000000c4480000, 0x00000000eab00000)
  object space 70144K, 27% used [0x00000000c0000000,0x00000000c12ccfd8,0x00000000c4480000)
 Metaspace       used 6840K, capacity 7416K, committed 7680K, reserved 1056768K
  class space    used 742K, capacity 752K, committed 768K, reserved 1048576K
}

