# JRE version: Java(TM) SE Runtime Environment (8.0_20-b26) (build 1.8.0_20-b26)
# Java VM: Java HotSpot(TM) 64-Bit Server VM (25.20-b23 mixed mode windows-amd64 compressed oops)
Heap:
 PSYoungGen      total 98304K, used 45276K [0x00000000eab00000, 0x00000000f6280000, 0x0000000100000000)
  eden space 71168K, 63% used [0x00000000eab00000,0x00000000ed737218,0x00000000ef080000)
  from space 27136K, 0% used [0x00000000f1900000,0x00000000f1900000,0x00000000f3380000)
  to   space 41472K, 0% used [0x00000000ef080000,0x00000000ef080000,0x00000000f1900000)
 ParOldGen       total 105984K, used 50849K [0x00000000c0000000, 0x00000000c6780000, 0x00000000eab00000)
  object space 105984K, 47% used [0x00000000c0000000,0x00000000c31a8520,0x00000000c6780000)
 Metaspace       used 5125K, capacity 6576K, committed 6784K, reserved 1056768K
  class space    used 533K, capacity 616K, committed 640K, reserved 1048576K
GC Heap History (10 events):
Event: 5.064 GC heap before
{Heap before GC invocations=4 (full 1):
 PSYoungGen      total 35328K, used 2539K [0x00000000eab00000, 0x00000000ef000000, 0x0000000100000000)
  eden space 32768K, 0% used [0x00000000eab00000,0x00000000eab00000,0x00000000ecb00000)
  from space 2560K, 99% used [0x00000000ecb00000,0x00000000ecd7ac08,0x00000000ecd80000)
  to   space 2560K, 0% used [0x00000000eed80000,0x00000000eed80000,0x00000000ef000000)
 ParOldGen       total 44032K, used 39440K [0x00000000c0000000, 0x00000000c2b00000, 0x00000000eab00000)
  object space 44032K, 89% used [0x00000000c0000000,0x00000000c2684038,0x00000000c2b00000)
 Metaspace       used 4795K, capacity 6288K, committed 6528K, reserved 1056768K
  class space    used 523K, capacity 584K, committed 640K, reserved 1048576K
Event: 7.033 GC heap after
Heap after GC invocations=4 (full 1):
 PSYoungGen      total 35328K, used 0K [0x00000000eab00000, 0x00000000ef000000, 0x0000000100000000)
  eden space 32768K, 0% used [0x00000000eab00000,0x00000000eab00000,0x00000000ecb00000)
  from space 2560K, 0% used [0x00000000ecb00000,0x00000000ecb00000,0x00000000ecd80000)
  to   space 2560K, 0% used [0x00000000eed80000,0x00000000eed80000,0x00000000ef000000)
 ParOldGen       total 86528K, used 39043K [0x00000000c0000000, 0x00000000c5480000, 0x00000000eab00000)
  object space 86528K, 45% used [0x00000000c0000000,0x00000000c2620ff8,0x00000000c5480000)
 Metaspace       used 4795K, capacity 6288K, committed 6528K, reserved 1056768K
  class space    used 523K, capacity 584K, committed 640K, reserved 1048576K
}
Event: 7.961 GC heap before
{Heap before GC invocations=5 (full 1):
 PSYoungGen      total 35328K, used 32768K [0x00000000eab00000, 0x00000000ef000000, 0x0000000100000000)
  eden space 32768K, 100% used [0x00000000eab00000,0x00000000ecb00000,0x00000000ecb00000)
  from space 2560K, 0% used [0x00000000ecb00000,0x00000000ecb00000,0x00000000ecd80000)
  to   space 2560K, 0% used [0x00000000eed80000,0x00000000eed80000,0x00000000ef000000)
 ParOldGen       total 86528K, used 39043K [0x00000000c0000000, 0x00000000c5480000, 0x00000000eab00000)
  object space 86528K, 45% used [0x00000000c0000000,0x00000000c2620ff8,0x00000000c5480000)
 Metaspace       used 4864K, capacity 6352K, committed 6528K, reserved 1056768K
  class space    used 524K, capacity 584K, committed 640K, reserved 1048576K
Event: 8.212 GC heap after
Heap after GC invocations=5 (full 1):
 PSYoungGen      total 55808K, used 2560K [0x00000000eab00000, 0x00000000ef000000, 0x0000000100000000)
  eden space 53248K, 0% used [0x00000000eab00000,0x00000000eab00000,0x00000000edf00000)
  from space 2560K, 100% used [0x00000000eed80000,0x00000000ef000000,0x00000000ef000000)
  to   space 2560K, 0% used [0x00000000eeb00000,0x00000000eeb00000,0x00000000eed80000)
 ParOldGen       total 86528K, used 42157K [0x00000000c0000000, 0x00000000c5480000, 0x00000000eab00000)
  object space 86528K, 48% used [0x00000000c0000000,0x00000000c292b7e8,0x00000000c5480000)
 Metaspace       used 4864K, capacity 6352K, committed 6528K, reserved 1056768K
  class space    used 524K, capacity 584K, committed 640K, reserved 1048576K
}
Event: 9.528 GC heap before
{Heap before GC invocations=6 (full 1):
 PSYoungGen      total 55808K, used 55808K [0x00000000eab00000, 0x00000000ef000000, 0x0000000100000000)
  eden space 53248K, 100% used [0x00000000eab00000,0x00000000edf00000,0x00000000edf00000)
  from space 2560K, 100% used [0x00000000eed80000,0x00000000ef000000,0x00000000ef000000)
  to   space 2560K, 0% used [0x00000000eeb00000,0x00000000eeb00000,0x00000000eed80000)
 ParOldGen       total 86528K, used 42157K [0x00000000c0000000, 0x00000000c5480000, 0x00000000eab00000)
  object space 86528K, 48% used [0x00000000c0000000,0x00000000c292b7e8,0x00000000c5480000)
 Metaspace       used 5109K, capacity 6576K, committed 6784K, reserved 1056768K
  class space    used 532K, capacity 616K, committed 640K, reserved 1048576K
Event: 10.185 GC heap after
Heap after GC invocations=6 (full 1):
 PSYoungGen      total 68096K, used 2546K [0x00000000eab00000, 0x00000000f3380000, 0x0000000100000000)
  eden space 65536K, 0% used [0x00000000eab00000,0x00000000eab00000,0x00000000eeb00000)
  from space 2560K, 99% used [0x00000000eeb00000,0x00000000eed7c8d0,0x00000000eed80000)
  to   space 27136K, 0% used [0x00000000f1900000,0x00000000f1900000,0x00000000f3380000)
 ParOldGen       total 86528K, used 55628K [0x00000000c0000000, 0x00000000c5480000, 0x00000000eab00000)
  object space 86528K, 64% used [0x00000000c0000000,0x00000000c3653170,0x00000000c5480000)
 Metaspace       used 5109K, capacity 6576K, committed 6784K, reserved 1056768K
  class space    used 532K, capacity 616K, committed 640K, reserved 1048576K
}
Event: 11.166 GC heap before
{Heap before GC invocations=7 (full 1):
 PSYoungGen      total 68096K, used 68082K [0x00000000eab00000, 0x00000000f3380000, 0x0000000100000000)
  eden space 65536K, 100% used [0x00000000eab00000,0x00000000eeb00000,0x00000000eeb00000)
  from space 2560K, 99% used [0x00000000eeb00000,0x00000000eed7c8d0,0x00000000eed80000)
  to   space 27136K, 0% used [0x00000000f1900000,0x00000000f1900000,0x00000000f3380000)
 ParOldGen       total 86528K, used 55628K [0x00000000c0000000, 0x00000000c5480000, 0x00000000eab00000)
  object space 86528K, 64% used [0x00000000c0000000,0x00000000c3653170,0x00000000c5480000)
 Metaspace       used 5120K, capacity 6576K, committed 6784K, reserved 1056768K
  class space    used 533K, capacity 616K, committed 640K, reserved 1048576K
Event: 11.843 GC heap after
Heap after GC invocations=7 (full 1):
 PSYoungGen      total 98304K, used 27111K [0x00000000eab00000, 0x00000000f6280000, 0x0000000100000000)
  eden space 71168K, 0% used [0x00000000eab00000,0x00000000eab00000,0x00000000ef080000)
  from space 27136K, 99% used [0x00000000f1900000,0x00000000f3379c58,0x00000000f3380000)
  to   space 41472K, 0% used [0x00000000ef080000,0x00000000ef080000,0x00000000f1900000)
 ParOldGen       total 86528K, used 71500K [0x00000000c0000000, 0x00000000c5480000, 0x00000000eab00000)
  object space 86528K, 82% used [0x00000000c0000000,0x00000000c45d3170,0x00000000c5480000)
 Metaspace       used 5120K, capacity 6576K, committed 6784K, reserved 1056768K
  class space    used 533K, capacity 616K, committed 640K, reserved 1048576K
}
Event: 11.843 GC heap before
{Heap before GC invocations=8 (full 2):
 PSYoungGen      total 98304K, used 27111K [0x00000000eab00000, 0x00000000f6280000, 0x0000000100000000)
  eden space 71168K, 0% used [0x00000000eab00000,0x00000000eab00000,0x00000000ef080000)
  from space 27136K, 99% used [0x00000000f1900000,0x00000000f3379c58,0x00000000f3380000)
  to   space 41472K, 0% used [0x00000000ef080000,0x00000000ef080000,0x00000000f1900000)
 ParOldGen       total 86528K, used 71500K [0x00000000c0000000, 0x00000000c5480000, 0x00000000eab00000)
  object space 86528K, 82% used [0x00000000c0000000,0x00000000c45d3170,0x00000000c5480000)
 Metaspace       used 5120K, capacity 6576K, committed 6784K, reserved 1056768K
  class space    used 533K, capacity 616K, committed 640K, reserved 1048576K
Event: 12.799 GC heap after
Heap after GC invocations=8 (full 2):
 PSYoungGen      total 98304K, used 0K [0x00000000eab00000, 0x00000000f6280000, 0x0000000100000000)
  eden space 71168K, 0% used [0x00000000eab00000,0x00000000eab00000,0x00000000ef080000)
  from space 27136K, 0% used [0x00000000f1900000,0x00000000f1900000,0x00000000f3380000)
  to   space 41472K, 0% used [0x00000000ef080000,0x00000000ef080000,0x00000000f1900000)
 ParOldGen       total 105984K, used 50849K [0x00000000c0000000, 0x00000000c6780000, 0x00000000eab00000)
  object space 105984K, 47% used [0x00000000c0000000,0x00000000c31a8520,0x00000000c6780000)
 Metaspace       used 5120K, capacity 6576K, committed 6784K, reserved 1056768K
  class space    used 533K, capacity 616K, committed 640K, reserved 1048576K
}

